# JRE version: OpenJDK Runtime Environment Temurin-11.0.16.1+1 (11.0.16.1+1) (build 11.0.16.1+1)
# Java VM: OpenJDK 64-Bit Server VM Temurin-11.0.16.1+1 (11.0.16.1+1, mixed mode, tiered, compressed oops, g1 gc, windows-amd64)
Heap:
 garbage-first heap   total 131072K, used 8473K [0x0000000081c00000, 0x0000000100000000)
  region size 1024K, 3 young (3072K), 3 survivors (3072K)
 Metaspace       used 21276K, capacity 21809K, committed 21936K, reserved 1103872K
  class space    used 2286K, capacity 2479K, committed 2560K, reserved 1048576K
GC Heap History (6 events):
Event: 1.390 GC heap before
{Heap before GC invocations=0 (full 0):
 garbage-first heap   total 131072K, used 14336K [0x0000000081c00000, 0x0000000100000000)
  region size 1024K, 14 young (14336K), 0 survivors (0K)
 Metaspace       used 9854K, capacity 10042K, committed 10240K, reserved 1058816K
  class space    used 899K, capacity 943K, committed 1024K, reserved 1048576K
}
Event: 1.399 GC heap after
{Heap after GC invocations=1 (full 0):
 garbage-first heap   total 131072K, used 5656K [0x0000000081c00000, 0x0000000100000000)
  region size 1024K, 2 young (2048K), 2 survivors (2048K)
 Metaspace       used 9854K, capacity 10042K, committed 10240K, reserved 1058816K
  class space    used 899K, capacity 943K, committed 1024K, reserved 1048576K
}
Event: 1.734 GC heap before
{Heap before GC invocations=1 (full 0):
 garbage-first heap   total 131072K, used 12824K [0x0000000081c00000, 0x0000000100000000)
  region size 1024K, 9 young (9216K), 2 survivors (2048K)
 Metaspace       used 11213K, capacity 11439K, committed 11648K, reserved 1060864K
  class space    used 1065K, capacity 1112K, committed 1152K, reserved 1048576K
}
Event: 1.739 GC heap after
{Heap after GC invocations=2 (full 0):
 garbage-first heap   total 131072K, used 6150K [0x0000000081c00000, 0x0000000100000000)
  region size 1024K, 1 young (1024K), 1 survivors (1024K)
 Metaspace       used 11213K, capacity 11439K, committed 11648K, reserved 1060864K
  class space    used 1065K, capacity 1112K, committed 1152K, reserved 1048576K
}
Event: 4.003 GC heap before
{Heap before GC invocations=2 (full 0):
 garbage-first heap   total 131072K, used 31750K [0x0000000081c00000, 0x0000000100000000)
  region size 1024K, 26 young (26624K), 1 survivors (1024K)
 Metaspace       used 17297K, capacity 17850K, committed 17920K, reserved 1064960K
  class space    used 1832K, capacity 2032K, committed 2048K, reserved 1048576K
}
Event: 4.046 GC heap after
{Heap after GC invocations=3 (full 0):
 garbage-first heap   total 131072K, used 7669K [0x0000000081c00000, 0x0000000100000000)
  region size 1024K, 2 young (2048K), 2 survivors (2048K)
 Metaspace       used 17297K, capacity 17850K, committed 17920K, reserved 1064960K
  class space    used 1832K, capacity 2032K, committed 2048K, reserved 1048576K
}

